<?xml version="1.0" encoding="UTF-8"?>
<!-- Generated by org.testng.reporters.JUnitReportReporter -->
<testsuite hostname="DESKTOP-7S7LCUO" failures="0" tests="1" name="com.nopcommercec.qa.test.IndexTest" time="0.929" errors="0" timestamp="2024-03-09T14:48:26 IST" skipped="0">
  <testcase classname="com.nopcommercec.qa.test.IndexTest" name="test1" time="0.929"/>
</testsuite> <!-- com.nopcommercec.qa.test.IndexTest -->
